2016-02-24 01:46:09,235 [ModalContext] INFO  o.e.m.c.i.e.AbstractTransferListenerAdapter - Downloading https://repo.maven.apache.org/maven2/org/apache/maven/archetypes/maven-archetype-webapp/1.0/maven-archetype-webapp-1.0.jar
2016-02-24 01:46:09,371 [ModalContext] INFO  o.e.m.c.i.e.AbstractTransferListenerAdapter - Downloaded https://repo.maven.apache.org/maven2/org/apache/maven/archetypes/maven-archetype-webapp/1.0/maven-archetype-webapp-1.0.jar
2016-02-24 01:46:09,498 [ModalContext] INFO  o.e.m.c.i.e.AbstractTransferListenerAdapter - Downloading https://repo.maven.apache.org/maven2/org/apache/maven/archetypes/maven-archetype-webapp/1.0/maven-archetype-webapp-1.0.pom
2016-02-24 01:46:09,611 [ModalContext] INFO  o.e.m.c.i.e.AbstractTransferListenerAdapter - Downloaded https://repo.maven.apache.org/maven2/org/apache/maven/archetypes/maven-archetype-webapp/1.0/maven-archetype-webapp-1.0.pom
2016-02-24 01:46:24,455 [Worker-6] INFO  o.e.m.c.i.p.ProjectConfigurationManager - Collecting project info '/pom.xml' C:\AymanDocuments\projects\webTechnology\JSF\workspace\loginjsf\pom.xml
2016-02-24 01:46:25,944 [Worker-6] INFO  o.e.m.c.i.l.LifecycleMappingFactory - Using org.maven.ide.eclipse.wtp.WarLifecycleMapping lifecycle mapping for MavenProject: loginjsf:loginjsf:0.0.1-SNAPSHOT @ C:\AymanDocuments\projects\webTechnology\JSF\workspace\loginjsf\pom.xml.
2016-02-24 01:46:27,387 [Worker-6] INFO  o.e.m.j.i.AbstractJavaProjectConfigurator - Adding source folder /loginjsf/src/main/java
2016-02-24 01:46:27,388 [Worker-6] INFO  o.e.m.j.i.AbstractJavaProjectConfigurator - Adding resource folder /loginjsf/src/main/resources
2016-02-24 01:46:27,389 [Worker-6] INFO  o.e.m.j.i.AbstractJavaProjectConfigurator - Adding source folder /loginjsf/src/test/java
2016-02-24 01:46:31,090 [Worker-6] INFO  o.e.m.c.i.p.ProjectConfigurationManager - Imported and configured 1 project(s) in 6 sec
2016-02-24 01:46:31,769 [Worker-7] WARN  o.e.m.c.i.embedder.EclipseLogger - Using platform encoding (Cp1252 actually) to copy filtered resources, i.e. build is platform dependent!
2016-02-24 01:46:31,802 [Worker-7] INFO  o.e.m.c.i.embedder.EclipseLogger - Copying 0 resource
2016-02-24 01:46:31,805 [Worker-7] WARN  o.e.m.c.i.embedder.EclipseLogger - Using platform encoding (Cp1252 actually) to copy filtered resources, i.e. build is platform dependent!
2016-02-24 01:46:31,806 [Worker-7] INFO  o.e.m.c.i.embedder.EclipseLogger - skip non existing resourceDirectory C:\AymanDocuments\projects\webTechnology\JSF\workspace\loginjsf\src\test\resources
2016-02-24 01:46:33,588 [Worker-8] WARN  o.e.m.c.i.embedder.EclipseLogger - Using platform encoding (Cp1252 actually) to copy filtered resources, i.e. build is platform dependent!
2016-02-24 01:46:33,591 [Worker-8] INFO  o.e.m.c.i.embedder.EclipseLogger - Copying 0 resource
2016-02-24 01:46:33,592 [Worker-8] WARN  o.e.m.c.i.embedder.EclipseLogger - Using platform encoding (Cp1252 actually) to copy filtered resources, i.e. build is platform dependent!
2016-02-24 01:46:33,593 [Worker-8] INFO  o.e.m.c.i.embedder.EclipseLogger - skip non existing resourceDirectory C:\AymanDocuments\projects\webTechnology\JSF\workspace\loginjsf\src\test\resources
2016-02-24 01:50:49,480 [Worker-14] INFO  o.e.m.c.i.l.LifecycleMappingFactory - Using org.maven.ide.eclipse.wtp.WarLifecycleMapping lifecycle mapping for MavenProject: loginjsf:loginjsf:0.0.1-SNAPSHOT @ C:\AymanDocuments\projects\webTechnology\JSF\workspace\loginjsf\pom.xml.
2016-02-24 01:51:01,965 [Worker-14] INFO  o.e.m.c.i.e.AbstractTransferListenerAdapter - Downloaded https://repo.maven.apache.org/maven2/com/sun/faces/jsf-api/2.1.7/jsf-api-2.1.7.pom
2016-02-24 01:51:11,974 [Worker-14] INFO  o.e.m.c.i.e.AbstractTransferListenerAdapter - Downloaded https://repo.maven.apache.org/maven2/com/sun/faces/jsf-impl/2.1.7/jsf-impl-2.1.7.pom
2016-02-24 01:51:13,217 [Worker-14] WARN  o.e.m.c.i.embedder.EclipseLogger - Using platform encoding (Cp1252 actually) to copy filtered resources, i.e. build is platform dependent!
2016-02-24 01:51:13,220 [Worker-14] INFO  o.e.m.c.i.embedder.EclipseLogger - Copying 0 resource
2016-02-24 01:51:13,222 [Worker-14] WARN  o.e.m.c.i.embedder.EclipseLogger - Using platform encoding (Cp1252 actually) to copy filtered resources, i.e. build is platform dependent!
2016-02-24 01:51:13,223 [Worker-14] INFO  o.e.m.c.i.embedder.EclipseLogger - skip non existing resourceDirectory C:\AymanDocuments\projects\webTechnology\JSF\workspace\loginjsf\src\test\resources
2016-02-24 01:51:13,223 [Worker-14] INFO  o.e.m.w.i.f.ResourceFilteringBuildParticipant - Changed resources require a complete clean of filtered resources of loginjsf
2016-02-24 01:51:13,224 [Worker-14] INFO  o.e.m.w.i.f.ResourceFilteringBuildParticipant - Executing resource filtering for loginjsf
2016-02-24 01:51:13,232 [Worker-14] WARN  o.e.m.c.i.embedder.EclipseLogger - Using platform encoding (Cp1252 actually) to copy filtered resources, i.e. build is platform dependent!
2016-02-24 01:51:13,475 [Worker-14] WARN  o.e.m.c.i.embedder.EclipseLogger - Using platform encoding (Cp1252 actually) to copy filtered resources, i.e. build is platform dependent!
2016-02-24 01:51:13,476 [Worker-14] INFO  o.e.m.c.i.embedder.EclipseLogger - Copying 0 resource
2016-02-24 01:51:13,477 [Worker-14] WARN  o.e.m.c.i.embedder.EclipseLogger - Using platform encoding (Cp1252 actually) to copy filtered resources, i.e. build is platform dependent!
2016-02-24 01:51:13,478 [Worker-14] INFO  o.e.m.c.i.embedder.EclipseLogger - skip non existing resourceDirectory C:\AymanDocuments\projects\webTechnology\JSF\workspace\loginjsf\src\test\resources
2016-02-24 02:00:50,647 [Worker-19] WARN  o.e.m.c.i.embedder.EclipseLogger - Using platform encoding (Cp1252 actually) to copy filtered resources, i.e. build is platform dependent!
2016-02-24 02:00:50,657 [Worker-19] INFO  o.e.m.c.i.embedder.EclipseLogger - Copying 0 resource
2016-02-24 02:00:50,657 [Worker-19] WARN  o.e.m.c.i.embedder.EclipseLogger - Using platform encoding (Cp1252 actually) to copy filtered resources, i.e. build is platform dependent!
2016-02-24 02:00:50,657 [Worker-19] INFO  o.e.m.c.i.embedder.EclipseLogger - skip non existing resourceDirectory C:\AymanDocuments\projects\webTechnology\JSF\workspace\loginjsf\src\test\resources
2016-02-24 02:08:28,112 [Worker-24] WARN  o.e.m.c.i.embedder.EclipseLogger - Using platform encoding (Cp1252 actually) to copy filtered resources, i.e. build is platform dependent!
2016-02-24 02:08:28,112 [Worker-24] INFO  o.e.m.c.i.embedder.EclipseLogger - Copying 0 resource
2016-02-24 02:08:28,112 [Worker-24] WARN  o.e.m.c.i.embedder.EclipseLogger - Using platform encoding (Cp1252 actually) to copy filtered resources, i.e. build is platform dependent!
2016-02-24 02:08:28,112 [Worker-24] INFO  o.e.m.c.i.embedder.EclipseLogger - skip non existing resourceDirectory C:\AymanDocuments\projects\webTechnology\JSF\workspace\loginjsf\src\test\resources
2016-02-24 02:08:41,471 [Worker-24] WARN  o.e.m.c.i.embedder.EclipseLogger - Using platform encoding (Cp1252 actually) to copy filtered resources, i.e. build is platform dependent!
2016-02-24 02:08:41,471 [Worker-24] INFO  o.e.m.c.i.embedder.EclipseLogger - Copying 0 resource
2016-02-24 02:08:41,471 [Worker-24] WARN  o.e.m.c.i.embedder.EclipseLogger - Using platform encoding (Cp1252 actually) to copy filtered resources, i.e. build is platform dependent!
2016-02-24 02:08:41,471 [Worker-24] INFO  o.e.m.c.i.embedder.EclipseLogger - skip non existing resourceDirectory C:\AymanDocuments\projects\webTechnology\JSF\workspace\loginjsf\src\test\resources
2016-02-24 02:25:05,490 [Worker-21] WARN  o.e.m.c.i.embedder.EclipseLogger - Using platform encoding (Cp1252 actually) to copy filtered resources, i.e. build is platform dependent!
2016-02-24 02:25:05,500 [Worker-21] INFO  o.e.m.c.i.embedder.EclipseLogger - Copying 1 resource
2016-02-24 02:25:05,510 [Worker-21] WARN  o.e.m.c.i.embedder.EclipseLogger - Using platform encoding (Cp1252 actually) to copy filtered resources, i.e. build is platform dependent!
2016-02-24 02:25:05,512 [Worker-21] INFO  o.e.m.c.i.embedder.EclipseLogger - skip non existing resourceDirectory C:\AymanDocuments\projects\webTechnology\JSF\workspace\loginjsf\src\test\resources
2016-02-24 02:25:06,537 [Worker-25] WARN  o.e.m.c.i.embedder.EclipseLogger - Using platform encoding (Cp1252 actually) to copy filtered resources, i.e. build is platform dependent!
2016-02-24 02:25:06,539 [Worker-25] INFO  o.e.m.c.i.embedder.EclipseLogger - Copying 0 resource
2016-02-24 02:25:06,541 [Worker-25] WARN  o.e.m.c.i.embedder.EclipseLogger - Using platform encoding (Cp1252 actually) to copy filtered resources, i.e. build is platform dependent!
2016-02-24 02:25:06,542 [Worker-25] INFO  o.e.m.c.i.embedder.EclipseLogger - skip non existing resourceDirectory C:\AymanDocuments\projects\webTechnology\JSF\workspace\loginjsf\src\test\resources
2016-02-24 02:29:52,837 [Worker-28] WARN  o.e.m.c.i.embedder.EclipseLogger - Using platform encoding (Cp1252 actually) to copy filtered resources, i.e. build is platform dependent!
2016-02-24 02:29:52,847 [Worker-28] INFO  o.e.m.c.i.embedder.EclipseLogger - Copying 1 resource
2016-02-24 02:29:52,847 [Worker-28] WARN  o.e.m.c.i.embedder.EclipseLogger - Using platform encoding (Cp1252 actually) to copy filtered resources, i.e. build is platform dependent!
2016-02-24 02:29:52,847 [Worker-28] INFO  o.e.m.c.i.embedder.EclipseLogger - skip non existing resourceDirectory C:\AymanDocuments\projects\webTechnology\JSF\workspace\loginjsf\src\test\resources
2016-02-24 02:30:28,295 [Worker-31] WARN  o.e.m.c.i.embedder.EclipseLogger - Using platform encoding (Cp1252 actually) to copy filtered resources, i.e. build is platform dependent!
2016-02-24 02:30:28,295 [Worker-31] INFO  o.e.m.c.i.embedder.EclipseLogger - Copying 0 resource
2016-02-24 02:30:28,295 [Worker-31] WARN  o.e.m.c.i.embedder.EclipseLogger - Using platform encoding (Cp1252 actually) to copy filtered resources, i.e. build is platform dependent!
2016-02-24 02:30:28,295 [Worker-31] INFO  o.e.m.c.i.embedder.EclipseLogger - skip non existing resourceDirectory C:\AymanDocuments\projects\webTechnology\JSF\workspace\loginjsf\src\test\resources
2016-02-24 02:30:56,782 [Worker-32] WARN  o.e.m.c.i.embedder.EclipseLogger - Using platform encoding (Cp1252 actually) to copy filtered resources, i.e. build is platform dependent!
2016-02-24 02:30:56,784 [Worker-32] INFO  o.e.m.c.i.embedder.EclipseLogger - Copying 0 resource
2016-02-24 02:30:56,785 [Worker-32] WARN  o.e.m.c.i.embedder.EclipseLogger - Using platform encoding (Cp1252 actually) to copy filtered resources, i.e. build is platform dependent!
2016-02-24 02:30:56,787 [Worker-32] INFO  o.e.m.c.i.embedder.EclipseLogger - skip non existing resourceDirectory C:\AymanDocuments\projects\webTechnology\JSF\workspace\loginjsf\src\test\resources
2016-02-24 02:33:33,130 [Worker-35] INFO  o.e.m.i.launch.MavenLaunchDelegate - C:\AymanDocuments\projects\webTechnology\JSF\workspace\loginjsf
2016-02-24 02:33:33,131 [Worker-35] INFO  o.e.m.i.launch.MavenLaunchDelegate -  mvn  -B install
2016-02-24 02:36:02,471 [Worker-36] WARN  o.e.m.c.i.embedder.EclipseLogger - Using platform encoding (Cp1252 actually) to copy filtered resources, i.e. build is platform dependent!
2016-02-24 02:36:02,471 [Worker-36] INFO  o.e.m.c.i.embedder.EclipseLogger - Copying 0 resource
2016-02-24 02:36:02,471 [Worker-36] WARN  o.e.m.c.i.embedder.EclipseLogger - Using platform encoding (Cp1252 actually) to copy filtered resources, i.e. build is platform dependent!
2016-02-24 02:36:02,471 [Worker-36] INFO  o.e.m.c.i.embedder.EclipseLogger - skip non existing resourceDirectory C:\AymanDocuments\projects\webTechnology\JSF\workspace\loginjsf\src\test\resources
2016-02-24 02:36:05,045 [Worker-35] WARN  o.e.m.c.i.embedder.EclipseLogger - Using platform encoding (Cp1252 actually) to copy filtered resources, i.e. build is platform dependent!
2016-02-24 02:36:05,045 [Worker-35] INFO  o.e.m.c.i.embedder.EclipseLogger - Copying 0 resource
2016-02-24 02:36:05,045 [Worker-35] WARN  o.e.m.c.i.embedder.EclipseLogger - Using platform encoding (Cp1252 actually) to copy filtered resources, i.e. build is platform dependent!
2016-02-24 02:36:05,045 [Worker-35] INFO  o.e.m.c.i.embedder.EclipseLogger - skip non existing resourceDirectory C:\AymanDocuments\projects\webTechnology\JSF\workspace\loginjsf\src\test\resources
2016-02-24 02:39:06,703 [Worker-31] INFO  o.e.m.i.launch.MavenLaunchDelegate - C:\AymanDocuments\projects\webTechnology\JSF\workspace\loginjsf
2016-02-24 02:39:06,703 [Worker-31] INFO  o.e.m.i.launch.MavenLaunchDelegate -  mvn  -B install
2016-02-24 02:46:40,662 [Worker-31] INFO  o.e.m.i.launch.MavenLaunchDelegate - C:\AymanDocuments\projects\webTechnology\JSF\workspace\loginjsf
2016-02-24 02:46:40,662 [Worker-31] INFO  o.e.m.i.launch.MavenLaunchDelegate -  mvn  -B install
2016-02-24 02:47:04,588 [Worker-42] WARN  o.e.m.c.i.embedder.EclipseLogger - Using platform encoding (Cp1252 actually) to copy filtered resources, i.e. build is platform dependent!
2016-02-24 02:47:04,593 [Worker-42] INFO  o.e.m.c.i.embedder.EclipseLogger - Copying 1 resource
2016-02-24 02:47:04,601 [Worker-42] WARN  o.e.m.c.i.embedder.EclipseLogger - Using platform encoding (Cp1252 actually) to copy filtered resources, i.e. build is platform dependent!
2016-02-24 02:47:04,602 [Worker-42] INFO  o.e.m.c.i.embedder.EclipseLogger - skip non existing resourceDirectory C:\AymanDocuments\projects\webTechnology\JSF\workspace\loginjsf\src\test\resources
2016-02-24 02:49:20,804 [Worker-31] INFO  o.e.m.i.launch.MavenLaunchDelegate - C:\AymanDocuments\projects\webTechnology\JSF\workspace\loginjsf
2016-02-24 02:49:20,804 [Worker-31] INFO  o.e.m.i.launch.MavenLaunchDelegate -  mvn  -B install
2016-02-24 02:49:27,364 [Worker-39] WARN  o.e.m.c.i.embedder.EclipseLogger - Using platform encoding (Cp1252 actually) to copy filtered resources, i.e. build is platform dependent!
2016-02-24 02:49:27,365 [Worker-39] INFO  o.e.m.c.i.embedder.EclipseLogger - Copying 0 resource
2016-02-24 02:49:27,370 [Worker-39] WARN  o.e.m.c.i.embedder.EclipseLogger - Using platform encoding (Cp1252 actually) to copy filtered resources, i.e. build is platform dependent!
2016-02-24 02:49:27,372 [Worker-39] INFO  o.e.m.c.i.embedder.EclipseLogger - skip non existing resourceDirectory C:\AymanDocuments\projects\webTechnology\JSF\workspace\loginjsf\src\test\resources
2016-02-24 02:52:35,258 [Worker-46] WARN  o.e.m.c.i.embedder.EclipseLogger - Using platform encoding (Cp1252 actually) to copy filtered resources, i.e. build is platform dependent!
2016-02-24 02:52:35,258 [Worker-46] INFO  o.e.m.c.i.embedder.EclipseLogger - Copying 0 resource
2016-02-24 02:52:35,258 [Worker-46] WARN  o.e.m.c.i.embedder.EclipseLogger - Using platform encoding (Cp1252 actually) to copy filtered resources, i.e. build is platform dependent!
2016-02-24 02:52:35,258 [Worker-46] INFO  o.e.m.c.i.embedder.EclipseLogger - skip non existing resourceDirectory C:\AymanDocuments\projects\webTechnology\JSF\workspace\loginjsf\src\test\resources
2016-02-24 02:58:21,049 [Worker-44] WARN  o.e.m.c.i.embedder.EclipseLogger - Using platform encoding (Cp1252 actually) to copy filtered resources, i.e. build is platform dependent!
2016-02-24 02:58:21,049 [Worker-44] INFO  o.e.m.c.i.embedder.EclipseLogger - Copying 0 resource
2016-02-24 02:58:21,059 [Worker-44] WARN  o.e.m.c.i.embedder.EclipseLogger - Using platform encoding (Cp1252 actually) to copy filtered resources, i.e. build is platform dependent!
2016-02-24 02:58:21,059 [Worker-44] INFO  o.e.m.c.i.embedder.EclipseLogger - skip non existing resourceDirectory C:\AymanDocuments\projects\webTechnology\JSF\workspace\loginjsf\src\test\resources
2016-02-24 03:04:54,033 [Worker-53] INFO  o.e.m.w.i.f.ResourceFilteringBuildParticipant - Cleaning filtered folder for loginjsf
2016-02-24 03:04:54,184 [Worker-56] WARN  o.e.m.c.i.embedder.EclipseLogger - Using platform encoding (Cp1252 actually) to copy filtered resources, i.e. build is platform dependent!
2016-02-24 03:04:54,184 [Worker-56] INFO  o.e.m.c.i.embedder.EclipseLogger - Copying 1 resource
2016-02-24 03:04:54,194 [Worker-56] WARN  o.e.m.c.i.embedder.EclipseLogger - Using platform encoding (Cp1252 actually) to copy filtered resources, i.e. build is platform dependent!
2016-02-24 03:04:54,204 [Worker-56] INFO  o.e.m.c.i.embedder.EclipseLogger - skip non existing resourceDirectory C:\AymanDocuments\projects\webTechnology\JSF\workspace\loginjsf\src\test\resources
2016-02-24 03:05:04,459 [Worker-57] WARN  o.e.m.c.i.embedder.EclipseLogger - Using platform encoding (Cp1252 actually) to copy filtered resources, i.e. build is platform dependent!
2016-02-24 03:05:04,459 [Worker-57] INFO  o.e.m.c.i.embedder.EclipseLogger - Copying 0 resource
2016-02-24 03:05:04,459 [Worker-57] WARN  o.e.m.c.i.embedder.EclipseLogger - Using platform encoding (Cp1252 actually) to copy filtered resources, i.e. build is platform dependent!
2016-02-24 03:05:04,459 [Worker-57] INFO  o.e.m.c.i.embedder.EclipseLogger - skip non existing resourceDirectory C:\AymanDocuments\projects\webTechnology\JSF\workspace\loginjsf\src\test\resources
2016-02-24 03:05:13,603 [Worker-59] INFO  o.e.m.w.i.f.ResourceFilteringBuildParticipant - Cleaning filtered folder for loginjsf
2016-02-24 03:05:13,663 [Worker-55] WARN  o.e.m.c.i.embedder.EclipseLogger - Using platform encoding (Cp1252 actually) to copy filtered resources, i.e. build is platform dependent!
2016-02-24 03:05:13,663 [Worker-55] INFO  o.e.m.c.i.embedder.EclipseLogger - Copying 0 resource
2016-02-24 03:05:13,663 [Worker-55] WARN  o.e.m.c.i.embedder.EclipseLogger - Using platform encoding (Cp1252 actually) to copy filtered resources, i.e. build is platform dependent!
2016-02-24 03:05:13,663 [Worker-55] INFO  o.e.m.c.i.embedder.EclipseLogger - skip non existing resourceDirectory C:\AymanDocuments\projects\webTechnology\JSF\workspace\loginjsf\src\test\resources
2016-02-24 03:08:53,820 [Worker-62] INFO  o.e.m.w.i.f.ResourceFilteringBuildParticipant - Cleaning filtered folder for loginjsf
2016-02-24 03:08:53,870 [Worker-62] WARN  o.e.m.c.i.embedder.EclipseLogger - Using platform encoding (Cp1252 actually) to copy filtered resources, i.e. build is platform dependent!
2016-02-24 03:08:53,870 [Worker-62] INFO  o.e.m.c.i.embedder.EclipseLogger - Copying 0 resource
2016-02-24 03:08:53,880 [Worker-62] WARN  o.e.m.c.i.embedder.EclipseLogger - Using platform encoding (Cp1252 actually) to copy filtered resources, i.e. build is platform dependent!
2016-02-24 03:08:53,880 [Worker-62] INFO  o.e.m.c.i.embedder.EclipseLogger - skip non existing resourceDirectory C:\AymanDocuments\projects\webTechnology\JSF\workspace\loginjsf\src\test\resources
2016-02-24 03:09:08,934 [Worker-60] INFO  o.e.m.i.launch.MavenLaunchDelegate - C:\AymanDocuments\projects\webTechnology\JSF\workspace\loginjsf
2016-02-24 03:09:08,934 [Worker-60] INFO  o.e.m.i.launch.MavenLaunchDelegate -  mvn  -B install
2016-02-24 03:09:29,695 [Worker-57] INFO  o.e.m.i.launch.MavenLaunchDelegate - C:\AymanDocuments\projects\webTechnology\JSF\workspace\loginjsf
2016-02-24 03:09:29,695 [Worker-57] INFO  o.e.m.i.launch.MavenLaunchDelegate -  mvn  -B install
2016-02-24 03:17:35,460 [Worker-65] INFO  o.e.m.i.launch.MavenLaunchDelegate - C:\AymanDocuments\projects\webTechnology\JSF\workspace\loginjsf
2016-02-24 03:17:35,460 [Worker-65] INFO  o.e.m.i.launch.MavenLaunchDelegate -  mvn  -B install
2016-02-24 03:22:47,450 [Worker-67] INFO  o.e.m.i.launch.MavenLaunchDelegate - C:\AymanDocuments\projects\webTechnology\JSF\workspace\loginjsf
2016-02-24 03:22:47,450 [Worker-67] INFO  o.e.m.i.launch.MavenLaunchDelegate -  mvn  -B install
2016-02-24 03:26:01,441 [Worker-72] INFO  o.e.m.i.launch.MavenLaunchDelegate - C:\AymanDocuments\projects\webTechnology\JSF\workspace\loginjsf
2016-02-24 03:26:01,441 [Worker-72] INFO  o.e.m.i.launch.MavenLaunchDelegate -  mvn  -B install
2016-02-24 03:27:56,231 [Worker-75] INFO  o.e.m.i.launch.MavenLaunchDelegate - C:\AymanDocuments\projects\webTechnology\JSF\workspace\loginjsf
2016-02-24 03:27:56,231 [Worker-75] INFO  o.e.m.i.launch.MavenLaunchDelegate -  mvn  -B install
2016-02-24 03:32:51,017 [Worker-76] INFO  o.e.m.i.launch.MavenLaunchDelegate - C:\AymanDocuments\projects\webTechnology\JSF\workspace\loginjsf
2016-02-24 03:32:51,017 [Worker-76] INFO  o.e.m.i.launch.MavenLaunchDelegate -  mvn  -B install
2016-02-24 15:16:39,190 [Worker-136] INFO  o.e.m.i.launch.MavenLaunchDelegate - C:\AymanDocuments\projects\webTechnology\JSF\workspace\loginjsf
2016-02-24 15:16:39,210 [Worker-136] INFO  o.e.m.i.launch.MavenLaunchDelegate -  mvn  -B install
2016-02-24 15:17:16,746 [Worker-136] INFO  o.e.m.c.i.l.LifecycleMappingFactory - Using org.maven.ide.eclipse.wtp.WarLifecycleMapping lifecycle mapping for MavenProject: loginjsf:loginjsf:0.0.1-SNAPSHOT @ C:\AymanDocuments\projects\webTechnology\JSF\workspace\loginjsf\pom.xml.
2016-02-24 15:17:17,590 [Worker-136] INFO  o.e.m.w.i.f.ResourceFilteringBuildParticipant - Cleaning filtered folder for loginjsf
2016-02-24 15:17:18,441 [Worker-137] WARN  o.e.m.c.i.embedder.EclipseLogger - Using platform encoding (Cp1252 actually) to copy filtered resources, i.e. build is platform dependent!
2016-02-24 15:17:18,490 [Worker-137] INFO  o.e.m.c.i.embedder.EclipseLogger - Copying 0 resource
2016-02-24 15:17:18,490 [Worker-137] WARN  o.e.m.c.i.embedder.EclipseLogger - Using platform encoding (Cp1252 actually) to copy filtered resources, i.e. build is platform dependent!
2016-02-24 15:17:18,490 [Worker-137] INFO  o.e.m.c.i.embedder.EclipseLogger - skip non existing resourceDirectory C:\AymanDocuments\projects\webTechnology\JSF\workspace\loginjsf\src\test\resources
2016-02-24 16:34:01,266 [Worker-146] INFO  o.e.m.c.i.e.AbstractTransferListenerAdapter - Downloading https://repo.maven.apache.org/maven2/org/apache/maven/plugins/maven-war-plugin/2.3/maven-war-plugin-2.3.jar
2016-02-24 16:34:01,696 [Worker-146] INFO  o.e.m.c.i.e.AbstractTransferListenerAdapter - Downloaded https://repo.maven.apache.org/maven2/org/apache/maven/plugins/maven-war-plugin/2.3/maven-war-plugin-2.3.jar
2016-02-24 16:34:01,836 [Worker-146] INFO  o.e.m.c.i.l.LifecycleMappingFactory - Using org.maven.ide.eclipse.wtp.WarLifecycleMapping lifecycle mapping for MavenProject: JSF_Login_Logout:JSF_Login_Logout:1.0-SNAPSHOT @ C:\AymanDocuments\projects\webTechnology\JSF\workspace\JSF_Login_Logout\pom.xml.
2016-02-24 16:34:01,996 [Worker-146] INFO  o.e.m.c.i.e.AbstractTransferListenerAdapter - Downloading https://repo.maven.apache.org/maven2/com/sun/faces/jsf-api/2.2.10/jsf-api-2.2.10.pom
2016-02-24 16:34:02,126 [Worker-146] INFO  o.e.m.c.i.e.AbstractTransferListenerAdapter - Downloaded https://repo.maven.apache.org/maven2/com/sun/faces/jsf-api/2.2.10/jsf-api-2.2.10.pom
2016-02-24 16:34:02,306 [Worker-146] INFO  o.e.m.c.i.e.AbstractTransferListenerAdapter - Downloading https://repo.maven.apache.org/maven2/com/sun/faces/jsf-impl/2.2.10/jsf-impl-2.2.10.pom
2016-02-24 16:34:02,416 [Worker-146] INFO  o.e.m.c.i.e.AbstractTransferListenerAdapter - Downloaded https://repo.maven.apache.org/maven2/com/sun/faces/jsf-impl/2.2.10/jsf-impl-2.2.10.pom
2016-02-24 16:34:02,556 [Worker-146] INFO  o.e.m.c.i.e.AbstractTransferListenerAdapter - Downloading https://repo.maven.apache.org/maven2/javax/servlet/jstl/1.2/jstl-1.2.pom
2016-02-24 16:34:02,666 [Worker-146] INFO  o.e.m.c.i.e.AbstractTransferListenerAdapter - Downloaded https://repo.maven.apache.org/maven2/javax/servlet/jstl/1.2/jstl-1.2.pom
2016-02-24 16:34:02,786 [Worker-146] INFO  o.e.m.c.i.e.AbstractTransferListenerAdapter - Downloading https://repo.maven.apache.org/maven2/javax/servlet/jsp/jsp-api/2.1/jsp-api-2.1.pom
2016-02-24 16:34:02,896 [Worker-146] INFO  o.e.m.c.i.e.AbstractTransferListenerAdapter - Downloaded https://repo.maven.apache.org/maven2/javax/servlet/jsp/jsp-api/2.1/jsp-api-2.1.pom
2016-02-24 16:34:03,016 [Worker-146] INFO  o.e.m.c.i.e.AbstractTransferListenerAdapter - Downloading https://repo.maven.apache.org/maven2/com/sun/el/el-ri/1.0/el-ri-1.0.pom
2016-02-24 16:34:03,146 [Worker-146] INFO  o.e.m.c.i.e.AbstractTransferListenerAdapter - Downloaded https://repo.maven.apache.org/maven2/com/sun/el/el-ri/1.0/el-ri-1.0.pom
2016-02-24 16:34:03,266 [Worker-146] INFO  o.e.m.c.i.e.AbstractTransferListenerAdapter - Downloading https://repo.maven.apache.org/maven2/javax/javaee-web-api/7.0/javaee-web-api-7.0.pom
2016-02-24 16:34:03,396 [Worker-146] INFO  o.e.m.c.i.e.AbstractTransferListenerAdapter - Downloaded https://repo.maven.apache.org/maven2/javax/javaee-web-api/7.0/javaee-web-api-7.0.pom
2016-02-24 16:34:03,786 [Worker-146] INFO  o.e.m.c.i.e.AbstractTransferListenerAdapter - Downloading https://repo.maven.apache.org/maven2/mysql/mysql-connector-java/5.1.34/mysql-connector-java-5.1.34.pom
2016-02-24 16:34:03,926 [Worker-146] INFO  o.e.m.c.i.e.AbstractTransferListenerAdapter - Downloaded https://repo.maven.apache.org/maven2/mysql/mysql-connector-java/5.1.34/mysql-connector-java-5.1.34.pom
2016-02-24 16:34:04,166 [Worker-146] INFO  o.e.m.c.i.e.AbstractTransferListenerAdapter - Downloading https://repo.maven.apache.org/maven2/com/sun/faces/jsf-api/2.2.10/jsf-api-2.2.10.jar
2016-02-24 16:34:07,127 [Worker-146] INFO  o.e.m.c.i.e.AbstractTransferListenerAdapter - Downloaded https://repo.maven.apache.org/maven2/com/sun/faces/jsf-api/2.2.10/jsf-api-2.2.10.jar
2016-02-24 16:34:07,787 [Worker-146] INFO  o.e.m.c.i.e.AbstractTransferListenerAdapter - Downloading https://repo.maven.apache.org/maven2/com/sun/faces/jsf-impl/2.2.10/jsf-impl-2.2.10.jar
2016-02-24 16:34:15,047 [Worker-146] INFO  o.e.m.c.i.e.AbstractTransferListenerAdapter - Downloaded https://repo.maven.apache.org/maven2/com/sun/faces/jsf-impl/2.2.10/jsf-impl-2.2.10.jar
2016-02-24 16:34:15,617 [Worker-146] INFO  o.e.m.c.i.e.AbstractTransferListenerAdapter - Downloading https://repo.maven.apache.org/maven2/javax/servlet/jstl/1.2/jstl-1.2.jar
2016-02-24 16:34:16,787 [Worker-146] INFO  o.e.m.c.i.e.AbstractTransferListenerAdapter - Downloaded https://repo.maven.apache.org/maven2/javax/servlet/jstl/1.2/jstl-1.2.jar
2016-02-24 16:34:16,947 [Worker-146] INFO  o.e.m.c.i.e.AbstractTransferListenerAdapter - Downloading https://repo.maven.apache.org/maven2/javax/servlet/jsp/jsp-api/2.1/jsp-api-2.1.jar
2016-02-24 16:34:17,417 [Worker-146] INFO  o.e.m.c.i.e.AbstractTransferListenerAdapter - Downloaded https://repo.maven.apache.org/maven2/javax/servlet/jsp/jsp-api/2.1/jsp-api-2.1.jar
2016-02-24 16:34:17,627 [Worker-146] INFO  o.e.m.c.i.e.AbstractTransferListenerAdapter - Downloading https://repo.maven.apache.org/maven2/com/sun/el/el-ri/1.0/el-ri-1.0.jar
2016-02-24 16:34:17,957 [Worker-146] INFO  o.e.m.c.i.e.AbstractTransferListenerAdapter - Downloaded https://repo.maven.apache.org/maven2/com/sun/el/el-ri/1.0/el-ri-1.0.jar
2016-02-24 16:34:18,167 [Worker-146] INFO  o.e.m.c.i.e.AbstractTransferListenerAdapter - Downloading https://repo.maven.apache.org/maven2/javax/javaee-web-api/7.0/javaee-web-api-7.0.jar
2016-02-24 16:34:21,467 [Worker-146] INFO  o.e.m.c.i.e.AbstractTransferListenerAdapter - Downloaded https://repo.maven.apache.org/maven2/javax/javaee-web-api/7.0/javaee-web-api-7.0.jar
2016-02-24 16:34:22,247 [Worker-146] INFO  o.e.m.c.i.e.AbstractTransferListenerAdapter - Downloading https://repo.maven.apache.org/maven2/mysql/mysql-connector-java/5.1.34/mysql-connector-java-5.1.34.jar
2016-02-24 16:34:25,819 [Worker-146] INFO  o.e.m.c.i.e.AbstractTransferListenerAdapter - Downloaded https://repo.maven.apache.org/maven2/mysql/mysql-connector-java/5.1.34/mysql-connector-java-5.1.34.jar
2016-02-24 16:34:27,069 [Worker-146] INFO  o.e.m.c.i.e.AbstractTransferListenerAdapter - Downloading https://repo.maven.apache.org/maven2/org/apache/maven/plugins/maven-war-plugin/2.3/maven-war-plugin-2.3.pom
2016-02-24 16:34:27,409 [Worker-146] INFO  o.e.m.c.i.e.AbstractTransferListenerAdapter - Downloaded https://repo.maven.apache.org/maven2/org/apache/maven/plugins/maven-war-plugin/2.3/maven-war-plugin-2.3.pom
2016-02-24 16:34:27,809 [Worker-146] INFO  o.e.m.c.i.e.AbstractTransferListenerAdapter - Downloading https://repo.maven.apache.org/maven2/org/codehaus/plexus/plexus-io/2.0.5/plexus-io-2.0.5.pom
2016-02-24 16:34:27,999 [Worker-146] INFO  o.e.m.c.i.e.AbstractTransferListenerAdapter - Downloaded https://repo.maven.apache.org/maven2/org/codehaus/plexus/plexus-io/2.0.5/plexus-io-2.0.5.pom
2016-02-24 16:34:28,349 [Worker-146] INFO  o.e.m.c.i.e.AbstractTransferListenerAdapter - Downloading https://repo.maven.apache.org/maven2/org/codehaus/plexus/plexus-utils/3.0.7/plexus-utils-3.0.7.pom
2016-02-24 16:34:28,549 [Worker-146] INFO  o.e.m.c.i.e.AbstractTransferListenerAdapter - Downloaded https://repo.maven.apache.org/maven2/org/codehaus/plexus/plexus-utils/3.0.7/plexus-utils-3.0.7.pom
2016-02-24 16:34:28,799 [Worker-146] INFO  o.e.m.c.i.e.AbstractTransferListenerAdapter - Downloading https://repo.maven.apache.org/maven2/com/thoughtworks/xstream/xstream/1.4.3/xstream-1.4.3.pom
2016-02-24 16:34:28,969 [Worker-146] INFO  o.e.m.c.i.e.AbstractTransferListenerAdapter - Downloaded https://repo.maven.apache.org/maven2/com/thoughtworks/xstream/xstream/1.4.3/xstream-1.4.3.pom
2016-02-24 16:34:29,139 [Worker-146] INFO  o.e.m.c.i.e.AbstractTransferListenerAdapter - Downloading https://repo.maven.apache.org/maven2/com/thoughtworks/xstream/xstream-parent/1.4.3/xstream-parent-1.4.3.pom
2016-02-24 16:34:29,369 [Worker-146] INFO  o.e.m.c.i.e.AbstractTransferListenerAdapter - Downloaded https://repo.maven.apache.org/maven2/com/thoughtworks/xstream/xstream-parent/1.4.3/xstream-parent-1.4.3.pom
2016-02-24 16:34:29,919 [Worker-146] INFO  o.e.m.c.i.e.AbstractTransferListenerAdapter - Downloading https://repo.maven.apache.org/maven2/org/codehaus/plexus/plexus-io/2.0.5/plexus-io-2.0.5.jar
2016-02-24 16:34:30,349 [Worker-146] INFO  o.e.m.c.i.e.AbstractTransferListenerAdapter - Downloaded https://repo.maven.apache.org/maven2/org/codehaus/plexus/plexus-io/2.0.5/plexus-io-2.0.5.jar
2016-02-24 16:34:30,599 [Worker-146] INFO  o.e.m.c.i.e.AbstractTransferListenerAdapter - Downloading https://repo.maven.apache.org/maven2/com/thoughtworks/xstream/xstream/1.4.3/xstream-1.4.3.jar
2016-02-24 16:34:32,029 [Worker-146] INFO  o.e.m.c.i.e.AbstractTransferListenerAdapter - Downloaded https://repo.maven.apache.org/maven2/com/thoughtworks/xstream/xstream/1.4.3/xstream-1.4.3.jar
2016-02-24 16:34:32,919 [Worker-146] INFO  o.e.m.j.i.AbstractJavaProjectConfigurator - Adding source folder /JSF_Login_Logout/src/main/java
2016-02-24 16:34:32,919 [Worker-146] INFO  o.e.m.j.i.AbstractJavaProjectConfigurator - Adding source folder /JSF_Login_Logout/src/test/java
2016-02-24 16:34:34,099 [Worker-146] INFO  o.e.m.c.i.p.ProjectConfigurationManager - Imported and configured 1 project(s) in 33 sec
2016-02-24 16:42:05,596 [Worker-158] INFO  o.e.m.i.launch.MavenLaunchDelegate - C:\AymanDocuments\projects\webTechnology\JSF\workspace\loginjsf
2016-02-24 16:42:05,598 [Worker-158] INFO  o.e.m.i.launch.MavenLaunchDelegate -  mvn  -B install
2016-02-24 16:46:16,568 [Worker-165] INFO  o.e.m.i.launch.MavenLaunchDelegate - C:\AymanDocuments\projects\webTechnology\JSF\workspace\loginjsf
2016-02-24 16:46:16,578 [Worker-165] INFO  o.e.m.i.launch.MavenLaunchDelegate -  mvn  -B install
2016-02-24 16:48:04,957 [Worker-164] INFO  o.e.m.i.launch.MavenLaunchDelegate - C:\AymanDocuments\projects\webTechnology\JSF\workspace\loginjsf
2016-02-24 16:48:04,957 [Worker-164] INFO  o.e.m.i.launch.MavenLaunchDelegate -  mvn  -B install
2016-02-24 16:51:17,002 [Worker-167] INFO  o.e.m.i.launch.MavenLaunchDelegate - C:\AymanDocuments\projects\webTechnology\JSF\workspace\loginjsf
2016-02-24 16:51:17,002 [Worker-167] INFO  o.e.m.i.launch.MavenLaunchDelegate -  mvn  -B install
2016-02-24 16:55:11,988 [Worker-170] INFO  o.e.m.i.launch.MavenLaunchDelegate - C:\AymanDocuments\projects\webTechnology\JSF\workspace\loginjsf
2016-02-24 16:55:11,989 [Worker-170] INFO  o.e.m.i.launch.MavenLaunchDelegate -  mvn  -B install
2016-02-24 17:10:44,038 [Worker-178] INFO  o.e.m.i.launch.MavenLaunchDelegate - C:\AymanDocuments\projects\webTechnology\JSF\workspace\loginjsf
2016-02-24 17:10:44,038 [Worker-178] INFO  o.e.m.i.launch.MavenLaunchDelegate -  mvn  -B install
2016-02-24 17:11:53,583 [Worker-178] INFO  o.e.m.i.launch.MavenLaunchDelegate - C:\AymanDocuments\projects\webTechnology\JSF\workspace\loginjsf
2016-02-24 17:11:53,583 [Worker-178] INFO  o.e.m.i.launch.MavenLaunchDelegate -  mvn  -B install
2016-02-24 17:13:06,415 [Worker-180] INFO  o.e.m.i.launch.MavenLaunchDelegate - C:\AymanDocuments\projects\webTechnology\JSF\workspace\loginjsf
2016-02-24 17:13:06,415 [Worker-180] INFO  o.e.m.i.launch.MavenLaunchDelegate -  mvn  -B install
2016-02-24 17:18:54,123 [Worker-183] INFO  o.e.m.i.launch.MavenLaunchDelegate - C:\AymanDocuments\projects\webTechnology\JSF\workspace\loginjsf
2016-02-24 17:18:54,123 [Worker-183] INFO  o.e.m.i.launch.MavenLaunchDelegate -  mvn  -B install
2016-02-24 17:22:37,986 [Worker-182] INFO  o.e.m.i.launch.MavenLaunchDelegate - C:\AymanDocuments\projects\webTechnology\JSF\workspace\loginjsf
2016-02-24 17:22:37,986 [Worker-182] INFO  o.e.m.i.launch.MavenLaunchDelegate -  mvn  -B install
2016-02-25 12:49:10,245 [Worker-4] INFO  o.e.m.c.i.l.LifecycleMappingFactory - Using org.maven.ide.eclipse.wtp.WarLifecycleMapping lifecycle mapping for MavenProject: JSF_Login_Logout:JSF_Login_Logout:1.0-SNAPSHOT @ C:\AymanDocuments\projects\webTechnology\JSF\workspace\JSF_Login_Logout\pom.xml.
2016-02-25 12:49:10,812 [Worker-4] INFO  o.e.m.c.i.l.LifecycleMappingFactory - Using org.maven.ide.eclipse.wtp.WarLifecycleMapping lifecycle mapping for MavenProject: loginjsf:loginjsf:0.0.1-SNAPSHOT @ C:\AymanDocuments\projects\webTechnology\JSF\workspace\loginjsf\pom.xml.
